<?xml version="1.0" encoding="UTF-8"?>
<!-- Generated by org.testng.reporters.JUnitXMLReporter -->
<testsuite ignored="0" hostname="Nimitha" failures="0" tests="3" name="Test" time="13.613" errors="0" timestamp="2022-12-12T17:37:06 IST">
  <testcase classname="Sample_Maven_ELF39.Sample_Maven_demoTest" name="Demo" time="0.008"/>
  <testcase classname="Sample_Maven_ELF39.Register_01cmdTest" name="TC01" time="1.832"/>
  <testcase classname="Sample_Maven_ELF39.Dms_searchTest" name="TC01" time="7.174"/>
</testsuite> <!-- Test -->
