<?xml version="1.0" encoding="UTF-8"?>
<testng-results ignored="0" total="1" passed="1" failed="0" skipped="0">
  <reporter-output>
  </reporter-output>
  <suite started-at="2022-11-18T12:09:22 IST" name="Default suite" finished-at="2022-11-18T12:09:30 IST" duration-ms="8092">
    <groups>
    </groups>
    <test started-at="2022-11-18T12:09:22 IST" name="Default test" finished-at="2022-11-18T12:09:30 IST" duration-ms="8092">
      <class name="Sample_Maven_ELF39.Register_01cmdTest">
        <test-method is-config="true" signature="demo()[pri:0, instance:Sample_Maven_ELF39.Register_01cmdTest@d4342c2]" started-at="2022-11-18T12:09:22 IST" name="demo" finished-at="2022-11-18T12:09:27 IST" duration-ms="5372" status="PASS">
          <reporter-output>
          </reporter-output>
        </test-method> <!-- demo -->
        <test-method signature="TC01()[pri:0, instance:Sample_Maven_ELF39.Register_01cmdTest@d4342c2]" started-at="2022-11-18T12:09:27 IST" name="TC01" finished-at="2022-11-18T12:09:30 IST" duration-ms="2380" status="PASS">
          <reporter-output>
          </reporter-output>
        </test-method> <!-- TC01 -->
        <test-method is-config="true" signature="hi()[pri:0, instance:Sample_Maven_ELF39.Register_01cmdTest@d4342c2]" started-at="2022-11-18T12:09:30 IST" name="hi" finished-at="2022-11-18T12:09:30 IST" duration-ms="272" status="PASS">
          <reporter-output>
          </reporter-output>
        </test-method> <!-- hi -->
      </class> <!-- Sample_Maven_ELF39.Register_01cmdTest -->
    </test> <!-- Default test -->
  </suite> <!-- Default suite -->
</testng-results>
